#
# There is insufficient memory for the Java Runtime Environment to continue.
# Native memory allocation (malloc) failed to allocate 32744 bytes for ChunkPool::allocate
# Possible reasons:
#   The system is out of physical RAM or swap space
#   The process is running with CompressedOops enabled, and the Java Heap may be blocking the growth of the native heap
# Possible solutions:
#   Reduce memory load on the system
#   Increase physical memory or swap space
#   Check if swap backing store is full
#   Decrease Java heap size (-Xmx/-Xms)
#   Decrease number of Java threads
#   Decrease Java thread stack sizes (-Xss)
#   Set larger code cache with -XX:ReservedCodeCacheSize=
#   JVM is running with Unscaled Compressed Oops mode in which the Java heap is
#     placed in the first 4GB address space. The Java Heap base address is the
#     maximum limit for the native heap growth. Please use -XX:HeapBaseMinAddress
#     to set the Java Heap base and to place the Java Heap above 4GB virtual address.
# This output file may be truncated or incomplete.
#
#  Out of Memory Error (./src/hotspot/share/memory/arena.cpp:81), pid=3144, tid=19352
#
# JRE version: OpenJDK Runtime Environment JBR-11.0.12.7-1504.40-jcef (11.0.12+7) (build 11.0.12+7-b1504.40)
# Java VM: OpenJDK 64-Bit Server VM JBR-11.0.12.7-1504.40-jcef (11.0.12+7-b1504.40, mixed mode, tiered, compressed oops, g1 gc, windows-amd64)
# No core dump will be written. Minidumps are not enabled by default on client versions of Windows
#

---------------  S U M M A R Y ------------

Command Line: -Djava.rmi.server.hostname=127.0.0.1 -Duser.timezone=UTC -Xmx1776m -Xms128m -Dfile.encoding=UTF-8 com.intellij.database.remote.RemoteJdbcServer org.postgresql.Driver

Host: AMD Ryzen 7 3750H with Radeon Vega Mobile Gfx  , 8 cores, 13G,  Windows 10 , 64 bit Build 22000 (10.0.22000.434)
Time: Sun Feb 20 21:54:17 2022 Central Asia Standard Time elapsed time: 3.002862 seconds (0d 0h 0m 3s)

---------------  T H R E A D  ---------------

Current thread (0x00000181d9a33800):  JavaThread "C1 CompilerThread0" daemon [_thread_in_native, id=19352, stack(0x0000001b53f00000,0x0000001b54000000)]


Current CompileTask:
C1:   3003 1708   !   3       sun.rmi.transport.Transport::serviceCall (349 bytes)

Stack: [0x0000001b53f00000,0x0000001b54000000]
Native frames: (J=compiled Java code, j=interpreted, Vv=VM code, C=native code)
V  [jvm.dll+0x5ff40a]
V  [jvm.dll+0x783b65]
V  [jvm.dll+0x78517d]
V  [jvm.dll+0x785833]
V  [jvm.dll+0x249408]
V  [jvm.dll+0xc152b]
V  [jvm.dll+0xc17dc]
V  [jvm.dll+0x16cce3]
V  [jvm.dll+0x16cdb0]
V  [jvm.dll+0x16f00d]
V  [jvm.dll+0x170f74]
V  [jvm.dll+0x12afac]
V  [jvm.dll+0x12aab9]
V  [jvm.dll+0x12ac23]
V  [jvm.dll+0x129f37]
V  [jvm.dll+0x12bb07]
V  [jvm.dll+0x20fb97]
V  [jvm.dll+0x20e3c1]
V  [jvm.dll+0x74b88f]
V  [jvm.dll+0x744355]
V  [jvm.dll+0x5fe316]
C  [ucrtbase.dll+0x26c0c]
C  [KERNEL32.DLL+0x154e0]
C  [ntdll.dll+0x485b]


---------------  P R O C E S S  ---------------

Threads class SMR info:
_java_thread_list=0x00000181db560240, length=20, elements={
0x00000181bd4d1800, 0x00000181d9036800, 0x00000181d9062000, 0x00000181d9a08000,
0x00000181d9a09000, 0x00000181d9a0c000, 0x00000181d9a0f800, 0x00000181d9a33800,
0x00000181d908a800, 0x00000181d9b97000, 0x00000181d9ba0800, 0x00000181d9f1a800,
0x00000181d9b95000, 0x00000181d9f29000, 0x00000181d9f54800, 0x00000181da0a4000,
0x00000181da018000, 0x00000181dad3a000, 0x00000181dad37800, 0x00000181dad39800
}

Java Threads: ( => current thread )
  0x00000181bd4d1800 JavaThread "main" [_thread_blocked, id=1708, stack(0x0000001b53200000,0x0000001b53300000)]
  0x00000181d9036800 JavaThread "Reference Handler" daemon [_thread_blocked, id=4928, stack(0x0000001b53900000,0x0000001b53a00000)]
  0x00000181d9062000 JavaThread "Finalizer" daemon [_thread_blocked, id=10836, stack(0x0000001b53a00000,0x0000001b53b00000)]
  0x00000181d9a08000 JavaThread "Signal Dispatcher" daemon [_thread_blocked, id=2384, stack(0x0000001b53b00000,0x0000001b53c00000)]
  0x00000181d9a09000 JavaThread "Attach Listener" daemon [_thread_blocked, id=19412, stack(0x0000001b53c00000,0x0000001b53d00000)]
  0x00000181d9a0c000 JavaThread "Service Thread" daemon [_thread_blocked, id=5168, stack(0x0000001b53d00000,0x0000001b53e00000)]
  0x00000181d9a0f800 JavaThread "C2 CompilerThread0" daemon [_thread_blocked, id=11552, stack(0x0000001b53e00000,0x0000001b53f00000)]
=>0x00000181d9a33800 JavaThread "C1 CompilerThread0" daemon [_thread_in_native, id=19352, stack(0x0000001b53f00000,0x0000001b54000000)]
  0x00000181d908a800 JavaThread "Sweeper thread" daemon [_thread_blocked, id=4772, stack(0x0000001b54000000,0x0000001b54100000)]
  0x00000181d9b97000 JavaThread "Common-Cleaner" daemon [_thread_blocked, id=15948, stack(0x0000001b54200000,0x0000001b54300000)]
  0x00000181d9ba0800 JavaThread "RMI TCP Accept-60983" daemon [_thread_in_native, id=14800, stack(0x0000001b54300000,0x0000001b54400000)]
  0x00000181d9f1a800 JavaThread "RMI TCP Accept-0" daemon [_thread_in_native, id=16892, stack(0x0000001b54400000,0x0000001b54500000)]
  0x00000181d9b95000 JavaThread "RMI Reaper" [_thread_blocked, id=11564, stack(0x0000001b54500000,0x0000001b54600000)]
  0x00000181d9f29000 JavaThread "RMI GC Daemon" daemon [_thread_blocked, id=7520, stack(0x0000001b54600000,0x0000001b54700000)]
  0x00000181d9f54800 JavaThread "C2 CompilerThread1" daemon [_thread_blocked, id=13440, stack(0x0000001b54700000,0x0000001b54800000)]
  0x00000181da0a4000 JavaThread "C2 CompilerThread2" daemon [_thread_in_native, id=17464, stack(0x0000001b54800000,0x0000001b54900000)]
  0x00000181da018000 JavaThread "RMI TCP Connection(1)-127.0.0.1" daemon [_thread_in_native, id=14272, stack(0x0000001b54900000,0x0000001b54a00000)]
  0x00000181dad3a000 JavaThread "RMI TCP Connection(2)-127.0.0.1" daemon [_thread_in_native, id=6416, stack(0x0000001b54a00000,0x0000001b54b00000)]
  0x00000181dad37800 JavaThread "RMI Scheduler(0)" daemon [_thread_blocked, id=17736, stack(0x0000001b54b00000,0x0000001b54c00000)]
  0x00000181dad39800 JavaThread "RMI TCP Connection(3)-127.0.0.1" daemon [_thread_in_Java, id=18860, stack(0x0000001b55000000,0x0000001b55100000)]

Other Threads:
  0x00000181d9035000 VMThread "VM Thread" [stack: 0x0000001b53800000,0x0000001b53900000] [id=18808]
  0x00000181d9b92800 WatcherThread [stack: 0x0000001b54100000,0x0000001b54200000] [id=17820]
  0x00000181bd4e7800 GCTaskThread "GC Thread#0" [stack: 0x0000001b53300000,0x0000001b53400000] [id=17252]
  0x00000181db0c0800 GCTaskThread "GC Thread#1" [stack: 0x0000001b54d00000,0x0000001b54e00000] [id=11576]
  0x00000181db364800 GCTaskThread "GC Thread#2" [stack: 0x0000001b54e00000,0x0000001b54f00000] [id=18832]
  0x00000181db4b4800 GCTaskThread "GC Thread#3" [stack: 0x0000001b54f00000,0x0000001b55000000] [id=13556]
  0x00000181bd513800 ConcurrentGCThread "G1 Main Marker" [stack: 0x0000001b53400000,0x0000001b53500000] [id=15180]
  0x00000181bd517000 ConcurrentGCThread "G1 Conc#0" [stack: 0x0000001b53500000,0x0000001b53600000] [id=2928]
  0x00000181d8ea0800 ConcurrentGCThread "G1 Refine#0" [stack: 0x0000001b53600000,0x0000001b53700000] [id=19236]
  0x00000181d8ea1800 ConcurrentGCThread "G1 Young RemSet Sampling" [stack: 0x0000001b53700000,0x0000001b53800000] [id=12952]

Threads with active compile tasks:
C1 CompilerThread0   3039 1708   !   3       sun.rmi.transport.Transport::serviceCall (349 bytes)
C2 CompilerThread2   3039 1158 % !   4       com.sun.crypto.provider.PBKDF2KeyImpl::deriveKey @ 191 (295 bytes)

VM state:not at safepoint (normal execution)

VM Mutex/Monitor currently owned by a thread: None

Heap address: 0x0000000091000000, size: 1776 MB, Compressed Oops mode: 32-bit
Narrow klass base: 0x0000000000000000, Narrow klass shift: 3
Compressed class space size: 1073741824 Address: 0x0000000100000000

Heap:
 garbage-first heap   total 131072K, used 11666K [0x0000000091000000, 0x0000000100000000)
  region size 1024K, 10 young (10240K), 3 survivors (3072K)
 Metaspace       used 17389K, capacity 17955K, committed 18176K, reserved 1064960K
  class space    used 1792K, capacity 2020K, committed 2048K, reserved 1048576K
Heap Regions: E=young(eden), S=young(survivor), O=old, HS=humongous(starts), HC=humongous(continues), CS=collection set, F=free, A=archive, TAMS=top-at-mark-start (previous, next)
|   0|0x0000000091000000, 0x0000000091100000, 0x0000000091100000|100%|HS|  |TAMS 0x0000000091000000, 0x0000000091000000| Complete 
|   1|0x0000000091100000, 0x0000000091200000, 0x0000000091200000|100%| O|  |TAMS 0x0000000091100000, 0x0000000091100000| Untracked 
|   2|0x0000000091200000, 0x0000000091264a00, 0x0000000091300000| 39%| O|  |TAMS 0x0000000091200000, 0x0000000091200000| Untracked 
|   3|0x0000000091300000, 0x0000000091300000, 0x0000000091400000|  0%| F|  |TAMS 0x0000000091300000, 0x0000000091300000| Untracked 
|   4|0x0000000091400000, 0x0000000091400000, 0x0000000091500000|  0%| F|  |TAMS 0x0000000091400000, 0x0000000091400000| Untracked 
|   5|0x0000000091500000, 0x0000000091500000, 0x0000000091600000|  0%| F|  |TAMS 0x0000000091500000, 0x0000000091500000| Untracked 
|   6|0x0000000091600000, 0x0000000091600000, 0x0000000091700000|  0%| F|  |TAMS 0x0000000091600000, 0x0000000091600000| Untracked 
|   7|0x0000000091700000, 0x0000000091700000, 0x0000000091800000|  0%| F|  |TAMS 0x0000000091700000, 0x0000000091700000| Untracked 
|   8|0x0000000091800000, 0x0000000091800000, 0x0000000091900000|  0%| F|  |TAMS 0x0000000091800000, 0x0000000091800000| Untracked 
|   9|0x0000000091900000, 0x0000000091900000, 0x0000000091a00000|  0%| F|  |TAMS 0x0000000091900000, 0x0000000091900000| Untracked 
|  10|0x0000000091a00000, 0x0000000091a00000, 0x0000000091b00000|  0%| F|  |TAMS 0x0000000091a00000, 0x0000000091a00000| Untracked 
|  11|0x0000000091b00000, 0x0000000091b00000, 0x0000000091c00000|  0%| F|  |TAMS 0x0000000091b00000, 0x0000000091b00000| Untracked 
|  12|0x0000000091c00000, 0x0000000091c00000, 0x0000000091d00000|  0%| F|  |TAMS 0x0000000091c00000, 0x0000000091c00000| Untracked 
|  13|0x0000000091d00000, 0x0000000091d00000, 0x0000000091e00000|  0%| F|  |TAMS 0x0000000091d00000, 0x0000000091d00000| Untracked 
|  14|0x0000000091e00000, 0x0000000091e00000, 0x0000000091f00000|  0%| F|  |TAMS 0x0000000091e00000, 0x0000000091e00000| Untracked 
|  15|0x0000000091f00000, 0x0000000091f00000, 0x0000000092000000|  0%| F|  |TAMS 0x0000000091f00000, 0x0000000091f00000| Untracked 
|  16|0x0000000092000000, 0x0000000092000000, 0x0000000092100000|  0%| F|  |TAMS 0x0000000092000000, 0x0000000092000000| Untracked 
|  17|0x0000000092100000, 0x0000000092100000, 0x0000000092200000|  0%| F|  |TAMS 0x0000000092100000, 0x0000000092100000| Untracked 
|  18|0x0000000092200000, 0x0000000092200000, 0x0000000092300000|  0%| F|  |TAMS 0x0000000092200000, 0x0000000092200000| Untracked 
|  19|0x0000000092300000, 0x0000000092300000, 0x0000000092400000|  0%| F|  |TAMS 0x0000000092300000, 0x0000000092300000| Untracked 
|  20|0x0000000092400000, 0x0000000092400000, 0x0000000092500000|  0%| F|  |TAMS 0x0000000092400000, 0x0000000092400000| Untracked 
|  21|0x0000000092500000, 0x0000000092500000, 0x0000000092600000|  0%| F|  |TAMS 0x0000000092500000, 0x0000000092500000| Untracked 
|  22|0x0000000092600000, 0x0000000092600000, 0x0000000092700000|  0%| F|  |TAMS 0x0000000092600000, 0x0000000092600000| Untracked 
|  23|0x0000000092700000, 0x0000000092700000, 0x0000000092800000|  0%| F|  |TAMS 0x0000000092700000, 0x0000000092700000| Untracked 
|  24|0x0000000092800000, 0x0000000092800000, 0x0000000092900000|  0%| F|  |TAMS 0x0000000092800000, 0x0000000092800000| Untracked 
|  25|0x0000000092900000, 0x0000000092900000, 0x0000000092a00000|  0%| F|  |TAMS 0x0000000092900000, 0x0000000092900000| Untracked 
|  26|0x0000000092a00000, 0x0000000092a00000, 0x0000000092b00000|  0%| F|  |TAMS 0x0000000092a00000, 0x0000000092a00000| Untracked 
|  27|0x0000000092b00000, 0x0000000092b00000, 0x0000000092c00000|  0%| F|  |TAMS 0x0000000092b00000, 0x0000000092b00000| Untracked 
|  28|0x0000000092c00000, 0x0000000092c00000, 0x0000000092d00000|  0%| F|  |TAMS 0x0000000092c00000, 0x0000000092c00000| Untracked 
|  29|0x0000000092d00000, 0x0000000092d00000, 0x0000000092e00000|  0%| F|  |TAMS 0x0000000092d00000, 0x0000000092d00000| Untracked 
|  30|0x0000000092e00000, 0x0000000092e00000, 0x0000000092f00000|  0%| F|  |TAMS 0x0000000092e00000, 0x0000000092e00000| Untracked 
|  31|0x0000000092f00000, 0x0000000092f00000, 0x0000000093000000|  0%| F|  |TAMS 0x0000000092f00000, 0x0000000092f00000| Untracked 
|  32|0x0000000093000000, 0x0000000093000000, 0x0000000093100000|  0%| F|  |TAMS 0x0000000093000000, 0x0000000093000000| Untracked 
|  33|0x0000000093100000, 0x0000000093100000, 0x0000000093200000|  0%| F|  |TAMS 0x0000000093100000, 0x0000000093100000| Untracked 
|  34|0x0000000093200000, 0x0000000093200000, 0x0000000093300000|  0%| F|  |TAMS 0x0000000093200000, 0x0000000093200000| Untracked 
|  35|0x0000000093300000, 0x0000000093300000, 0x0000000093400000|  0%| F|  |TAMS 0x0000000093300000, 0x0000000093300000| Untracked 
|  36|0x0000000093400000, 0x0000000093400000, 0x0000000093500000|  0%| F|  |TAMS 0x0000000093400000, 0x0000000093400000| Untracked 
|  37|0x0000000093500000, 0x0000000093500000, 0x0000000093600000|  0%| F|  |TAMS 0x0000000093500000, 0x0000000093500000| Untracked 
|  38|0x0000000093600000, 0x0000000093600000, 0x0000000093700000|  0%| F|  |TAMS 0x0000000093600000, 0x0000000093600000| Untracked 
|  39|0x0000000093700000, 0x0000000093700000, 0x0000000093800000|  0%| F|  |TAMS 0x0000000093700000, 0x0000000093700000| Untracked 
|  40|0x0000000093800000, 0x0000000093800000, 0x0000000093900000|  0%| F|  |TAMS 0x0000000093800000, 0x0000000093800000| Untracked 
|  41|0x0000000093900000, 0x0000000093900000, 0x0000000093a00000|  0%| F|  |TAMS 0x0000000093900000, 0x0000000093900000| Untracked 
|  42|0x0000000093a00000, 0x0000000093a00000, 0x0000000093b00000|  0%| F|  |TAMS 0x0000000093a00000, 0x0000000093a00000| Untracked 
|  43|0x0000000093b00000, 0x0000000093b00000, 0x0000000093c00000|  0%| F|  |TAMS 0x0000000093b00000, 0x0000000093b00000| Untracked 
|  44|0x0000000093c00000, 0x0000000093c00000, 0x0000000093d00000|  0%| F|  |TAMS 0x0000000093c00000, 0x0000000093c00000| Untracked 
|  45|0x0000000093d00000, 0x0000000093d00000, 0x0000000093e00000|  0%| F|  |TAMS 0x0000000093d00000, 0x0000000093d00000| Untracked 
|  46|0x0000000093e00000, 0x0000000093e00000, 0x0000000093f00000|  0%| F|  |TAMS 0x0000000093e00000, 0x0000000093e00000| Untracked 
|  47|0x0000000093f00000, 0x0000000093f00000, 0x0000000094000000|  0%| F|  |TAMS 0x0000000093f00000, 0x0000000093f00000| Untracked 
|  48|0x0000000094000000, 0x0000000094000000, 0x0000000094100000|  0%| F|  |TAMS 0x0000000094000000, 0x0000000094000000| Untracked 
|  49|0x0000000094100000, 0x0000000094100000, 0x0000000094200000|  0%| F|  |TAMS 0x0000000094100000, 0x0000000094100000| Untracked 
|  50|0x0000000094200000, 0x0000000094200000, 0x0000000094300000|  0%| F|  |TAMS 0x0000000094200000, 0x0000000094200000| Untracked 
|  51|0x0000000094300000, 0x0000000094300000, 0x0000000094400000|  0%| F|  |TAMS 0x0000000094300000, 0x0000000094300000| Untracked 
|  52|0x0000000094400000, 0x0000000094400000, 0x0000000094500000|  0%| F|  |TAMS 0x0000000094400000, 0x0000000094400000| Untracked 
|  53|0x0000000094500000, 0x0000000094500000, 0x0000000094600000|  0%| F|  |TAMS 0x0000000094500000, 0x0000000094500000| Untracked 
|  54|0x0000000094600000, 0x0000000094600000, 0x0000000094700000|  0%| F|  |TAMS 0x0000000094600000, 0x0000000094600000| Untracked 
|  55|0x0000000094700000, 0x0000000094700000, 0x0000000094800000|  0%| F|  |TAMS 0x0000000094700000, 0x0000000094700000| Untracked 
|  56|0x0000000094800000, 0x0000000094800000, 0x0000000094900000|  0%| F|  |TAMS 0x0000000094800000, 0x0000000094800000| Untracked 
|  57|0x0000000094900000, 0x0000000094900000, 0x0000000094a00000|  0%| F|  |TAMS 0x0000000094900000, 0x0000000094900000| Untracked 
|  58|0x0000000094a00000, 0x0000000094a00000, 0x0000000094b00000|  0%| F|  |TAMS 0x0000000094a00000, 0x0000000094a00000| Untracked 
|  59|0x0000000094b00000, 0x0000000094b00000, 0x0000000094c00000|  0%| F|  |TAMS 0x0000000094b00000, 0x0000000094b00000| Untracked 
|  60|0x0000000094c00000, 0x0000000094c00000, 0x0000000094d00000|  0%| F|  |TAMS 0x0000000094c00000, 0x0000000094c00000| Untracked 
|  61|0x0000000094d00000, 0x0000000094d00000, 0x0000000094e00000|  0%| F|  |TAMS 0x0000000094d00000, 0x0000000094d00000| Untracked 
|  62|0x0000000094e00000, 0x0000000094e00000, 0x0000000094f00000|  0%| F|  |TAMS 0x0000000094e00000, 0x0000000094e00000| Untracked 
|  63|0x0000000094f00000, 0x0000000094f00000, 0x0000000095000000|  0%| F|  |TAMS 0x0000000094f00000, 0x0000000094f00000| Untracked 
|  64|0x0000000095000000, 0x0000000095000000, 0x0000000095100000|  0%| F|  |TAMS 0x0000000095000000, 0x0000000095000000| Untracked 
|  65|0x0000000095100000, 0x0000000095100000, 0x0000000095200000|  0%| F|  |TAMS 0x0000000095100000, 0x0000000095100000| Untracked 
|  66|0x0000000095200000, 0x0000000095200000, 0x0000000095300000|  0%| F|  |TAMS 0x0000000095200000, 0x0000000095200000| Untracked 
|  67|0x0000000095300000, 0x0000000095300000, 0x0000000095400000|  0%| F|  |TAMS 0x0000000095300000, 0x0000000095300000| Untracked 
|  68|0x0000000095400000, 0x0000000095400000, 0x0000000095500000|  0%| F|  |TAMS 0x0000000095400000, 0x0000000095400000| Untracked 
|  69|0x0000000095500000, 0x0000000095500000, 0x0000000095600000|  0%| F|  |TAMS 0x0000000095500000, 0x0000000095500000| Untracked 
|  70|0x0000000095600000, 0x0000000095600000, 0x0000000095700000|  0%| F|  |TAMS 0x0000000095600000, 0x0000000095600000| Untracked 
|  71|0x0000000095700000, 0x0000000095700000, 0x0000000095800000|  0%| F|  |TAMS 0x0000000095700000, 0x0000000095700000| Untracked 
|  72|0x0000000095800000, 0x0000000095800000, 0x0000000095900000|  0%| F|  |TAMS 0x0000000095800000, 0x0000000095800000| Untracked 
|  73|0x0000000095900000, 0x0000000095900000, 0x0000000095a00000|  0%| F|  |TAMS 0x0000000095900000, 0x0000000095900000| Untracked 
|  74|0x0000000095a00000, 0x0000000095a00000, 0x0000000095b00000|  0%| F|  |TAMS 0x0000000095a00000, 0x0000000095a00000| Untracked 
|  75|0x0000000095b00000, 0x0000000095b00000, 0x0000000095c00000|  0%| F|  |TAMS 0x0000000095b00000, 0x0000000095b00000| Untracked 
|  76|0x0000000095c00000, 0x0000000095c00000, 0x0000000095d00000|  0%| F|  |TAMS 0x0000000095c00000, 0x0000000095c00000| Untracked 
|  77|0x0000000095d00000, 0x0000000095d00000, 0x0000000095e00000|  0%| F|  |TAMS 0x0000000095d00000, 0x0000000095d00000| Untracked 
|  78|0x0000000095e00000, 0x0000000095e00000, 0x0000000095f00000|  0%| F|  |TAMS 0x0000000095e00000, 0x0000000095e00000| Untracked 
|  79|0x0000000095f00000, 0x0000000095f00000, 0x0000000096000000|  0%| F|  |TAMS 0x0000000095f00000, 0x0000000095f00000| Untracked 
|  80|0x0000000096000000, 0x0000000096000000, 0x0000000096100000|  0%| F|  |TAMS 0x0000000096000000, 0x0000000096000000| Untracked 
|  81|0x0000000096100000, 0x0000000096100000, 0x0000000096200000|  0%| F|  |TAMS 0x0000000096100000, 0x0000000096100000| Untracked 
|  82|0x0000000096200000, 0x0000000096200000, 0x0000000096300000|  0%| F|  |TAMS 0x0000000096200000, 0x0000000096200000| Untracked 
|  83|0x0000000096300000, 0x0000000096300000, 0x0000000096400000|  0%| F|  |TAMS 0x0000000096300000, 0x0000000096300000| Untracked 
|  84|0x0000000096400000, 0x0000000096400000, 0x0000000096500000|  0%| F|  |TAMS 0x0000000096400000, 0x0000000096400000| Untracked 
|  85|0x0000000096500000, 0x0000000096500000, 0x0000000096600000|  0%| F|  |TAMS 0x0000000096500000, 0x0000000096500000| Untracked 
|  86|0x0000000096600000, 0x0000000096600000, 0x0000000096700000|  0%| F|  |TAMS 0x0000000096600000, 0x0000000096600000| Untracked 
|  87|0x0000000096700000, 0x0000000096700000, 0x0000000096800000|  0%| F|  |TAMS 0x0000000096700000, 0x0000000096700000| Untracked 
|  88|0x0000000096800000, 0x0000000096800000, 0x0000000096900000|  0%| F|  |TAMS 0x0000000096800000, 0x0000000096800000| Untracked 
|  89|0x0000000096900000, 0x0000000096900000, 0x0000000096a00000|  0%| F|  |TAMS 0x0000000096900000, 0x0000000096900000| Untracked 
|  90|0x0000000096a00000, 0x0000000096a00000, 0x0000000096b00000|  0%| F|  |TAMS 0x0000000096a00000, 0x0000000096a00000| Untracked 
|  91|0x0000000096b00000, 0x0000000096b00000, 0x0000000096c00000|  0%| F|  |TAMS 0x0000000096b00000, 0x0000000096b00000| Untracked 
|  92|0x0000000096c00000, 0x0000000096c00000, 0x0000000096d00000|  0%| F|  |TAMS 0x0000000096c00000, 0x0000000096c00000| Untracked 
|  93|0x0000000096d00000, 0x0000000096d00000, 0x0000000096e00000|  0%| F|  |TAMS 0x0000000096d00000, 0x0000000096d00000| Untracked 
|  94|0x0000000096e00000, 0x0000000096e00000, 0x0000000096f00000|  0%| F|  |TAMS 0x0000000096e00000, 0x0000000096e00000| Untracked 
|  95|0x0000000096f00000, 0x0000000096f00000, 0x0000000097000000|  0%| F|  |TAMS 0x0000000096f00000, 0x0000000096f00000| Untracked 
|  96|0x0000000097000000, 0x0000000097000000, 0x0000000097100000|  0%| F|  |TAMS 0x0000000097000000, 0x0000000097000000| Untracked 
|  97|0x0000000097100000, 0x0000000097100000, 0x0000000097200000|  0%| F|  |TAMS 0x0000000097100000, 0x0000000097100000| Untracked 
|  98|0x0000000097200000, 0x0000000097200000, 0x0000000097300000|  0%| F|  |TAMS 0x0000000097200000, 0x0000000097200000| Untracked 
|  99|0x0000000097300000, 0x0000000097300000, 0x0000000097400000|  0%| F|  |TAMS 0x0000000097300000, 0x0000000097300000| Untracked 
| 100|0x0000000097400000, 0x0000000097400000, 0x0000000097500000|  0%| F|  |TAMS 0x0000000097400000, 0x0000000097400000| Untracked 
| 101|0x0000000097500000, 0x0000000097600000, 0x0000000097600000|100%| S|CS|TAMS 0x0000000097500000, 0x0000000097500000| Complete 
| 102|0x0000000097600000, 0x0000000097700000, 0x0000000097700000|100%| S|CS|TAMS 0x0000000097600000, 0x0000000097600000| Complete 
| 103|0x0000000097700000, 0x0000000097800000, 0x0000000097800000|100%| S|CS|TAMS 0x0000000097700000, 0x0000000097700000| Complete 
| 104|0x0000000097800000, 0x0000000097800000, 0x0000000097900000|  0%| F|  |TAMS 0x0000000097800000, 0x0000000097800000| Untracked 
| 105|0x0000000097900000, 0x0000000097900000, 0x0000000097a00000|  0%| F|  |TAMS 0x0000000097900000, 0x0000000097900000| Untracked 
| 106|0x0000000097a00000, 0x0000000097a00000, 0x0000000097b00000|  0%| F|  |TAMS 0x0000000097a00000, 0x0000000097a00000| Untracked 
| 107|0x0000000097b00000, 0x0000000097b00000, 0x0000000097c00000|  0%| F|  |TAMS 0x0000000097b00000, 0x0000000097b00000| Untracked 
| 108|0x0000000097c00000, 0x0000000097c00000, 0x0000000097d00000|  0%| F|  |TAMS 0x0000000097c00000, 0x0000000097c00000| Untracked 
| 109|0x0000000097d00000, 0x0000000097d00000, 0x0000000097e00000|  0%| F|  |TAMS 0x0000000097d00000, 0x0000000097d00000| Untracked 
| 110|0x0000000097e00000, 0x0000000097e00000, 0x0000000097f00000|  0%| F|  |TAMS 0x0000000097e00000, 0x0000000097e00000| Untracked 
| 111|0x0000000097f00000, 0x0000000097f00000, 0x0000000098000000|  0%| F|  |TAMS 0x0000000097f00000, 0x0000000097f00000| Untracked 
| 112|0x0000000098000000, 0x0000000098000000, 0x0000000098100000|  0%| F|  |TAMS 0x0000000098000000, 0x0000000098000000| Untracked 
| 113|0x0000000098100000, 0x0000000098100000, 0x0000000098200000|  0%| F|  |TAMS 0x0000000098100000, 0x0000000098100000| Untracked 
| 114|0x0000000098200000, 0x0000000098200000, 0x0000000098300000|  0%| F|  |TAMS 0x0000000098200000, 0x0000000098200000| Untracked 
| 115|0x0000000098300000, 0x0000000098300000, 0x0000000098400000|  0%| F|  |TAMS 0x0000000098300000, 0x0000000098300000| Untracked 
| 116|0x0000000098400000, 0x0000000098400000, 0x0000000098500000|  0%| F|  |TAMS 0x0000000098400000, 0x0000000098400000| Untracked 
| 117|0x0000000098500000, 0x0000000098500000, 0x0000000098600000|  0%| F|  |TAMS 0x0000000098500000, 0x0000000098500000| Untracked 
| 118|0x0000000098600000, 0x0000000098600000, 0x0000000098700000|  0%| F|  |TAMS 0x0000000098600000, 0x0000000098600000| Untracked 
| 119|0x0000000098700000, 0x0000000098700000, 0x0000000098800000|  0%| F|  |TAMS 0x0000000098700000, 0x0000000098700000| Untracked 
| 120|0x0000000098800000, 0x0000000098800000, 0x0000000098900000|  0%| F|  |TAMS 0x0000000098800000, 0x0000000098800000| Untracked 
| 121|0x0000000098900000, 0x00000000989ee8f0, 0x0000000098a00000| 93%| E|  |TAMS 0x0000000098900000, 0x0000000098900000| Complete 
| 122|0x0000000098a00000, 0x0000000098b00000, 0x0000000098b00000|100%| E|CS|TAMS 0x0000000098a00000, 0x0000000098a00000| Complete 
| 123|0x0000000098b00000, 0x0000000098c00000, 0x0000000098c00000|100%| E|CS|TAMS 0x0000000098b00000, 0x0000000098b00000| Complete 
| 124|0x0000000098c00000, 0x0000000098d00000, 0x0000000098d00000|100%| E|CS|TAMS 0x0000000098c00000, 0x0000000098c00000| Complete 
| 125|0x0000000098d00000, 0x0000000098e00000, 0x0000000098e00000|100%| E|CS|TAMS 0x0000000098d00000, 0x0000000098d00000| Complete 
| 126|0x0000000098e00000, 0x0000000098f00000, 0x0000000098f00000|100%| E|CS|TAMS 0x0000000098e00000, 0x0000000098e00000| Complete 
| 127|0x0000000098f00000, 0x0000000099000000, 0x0000000099000000|100%| E|CS|TAMS 0x0000000098f00000, 0x0000000098f00000| Complete 

Card table byte_map: [0x00000181d2700000,0x00000181d2a80000] _byte_map_base: 0x00000181d2278000

Marking Bits (Prev, Next): (CMBitMap*) 0x00000181bd50bc18, (CMBitMap*) 0x00000181bd50bc50
 Prev Bits: [0x00000181d2e00000, 0x00000181d49c0000)
 Next Bits: [0x00000181d49c0000, 0x00000181d6580000)

Polling page: 0x00000181bd5b0000

Metaspace:

Usage:
  Non-class:     15.57 MB capacity,    15.24 MB ( 98%) used,   282.04 KB (  2%) free+waste,    57.06 KB ( <1%) overhead. 
      Class:      1.97 MB capacity,     1.75 MB ( 89%) used,   199.69 KB ( 10%) free+waste,    28.00 KB (  1%) overhead. 
       Both:     17.54 MB capacity,    16.99 MB ( 97%) used,   481.73 KB (  3%) free+waste,    85.06 KB ( <1%) overhead. 

Virtual space:
  Non-class space:       16.00 MB reserved,      15.75 MB ( 98%) committed 
      Class space:        1.00 GB reserved,       2.00 MB ( <1%) committed 
             Both:        1.02 GB reserved,      17.75 MB (  2%) committed 

Chunk freelists:
   Non-Class:  0 bytes
       Class:  0 bytes
        Both:  0 bytes

MaxMetaspaceSize: 17179869184.00 GB
CompressedClassSpaceSize: 1.00 GB
Initial GC threshold: 20.80 MB
Current GC threshold: 20.80 MB
CDS: off

CodeHeap 'non-profiled nmethods': size=120000Kb used=645Kb max_used=645Kb free=119354Kb
 bounds [0x00000181ca3f0000, 0x00000181ca660000, 0x00000181d1920000]
CodeHeap 'profiled nmethods': size=120000Kb used=3423Kb max_used=3423Kb free=116576Kb
 bounds [0x00000181c2ec0000, 0x00000181c3220000, 0x00000181ca3f0000]
CodeHeap 'non-nmethods': size=5760Kb used=1218Kb max_used=1248Kb free=4541Kb
 bounds [0x00000181c2920000, 0x00000181c2b90000, 0x00000181c2ec0000]
 total_blobs=2192 nmethods=1704 adapters=401
 compilation: enabled
              stopped_count=0, restarted_count=0
 full_count=0

Compilation events (20 events):
Event: 2.973 Thread 0x00000181d9a33800 nmethod 1699 0x00000181c3212610 code [0x00000181c3212800, 0x00000181c3212cb8]
Event: 2.973 Thread 0x00000181d9a33800 1700       3       java.io.ObjectOutputStream$BlockDataOutputStream::writeBlockHeader (70 bytes)
Event: 2.974 Thread 0x00000181d9a33800 nmethod 1700 0x00000181c3212e90 code [0x00000181c3213080, 0x00000181c3213448]
Event: 2.974 Thread 0x00000181d9a33800 1701       1       java.util.concurrent.locks.AbstractQueuedSynchronizer::setState (6 bytes)
Event: 2.975 Thread 0x00000181d9a33800 nmethod 1701 0x00000181ca491190 code [0x00000181ca491340, 0x00000181ca4913f8]
Event: 2.977 Thread 0x00000181d9a33800 1702       3       java.io.ObjectInputStream$BlockDataInputStream::currentBlockRemaining (41 bytes)
Event: 2.977 Thread 0x00000181d9a33800 nmethod 1702 0x00000181c3213610 code [0x00000181c32137e0, 0x00000181c3213a48]
Event: 2.978 Thread 0x00000181d9a33800 1703       3       java.rmi.server.UID::hashCode (11 bytes)
Event: 2.978 Thread 0x00000181d9a33800 nmethod 1703 0x00000181c3213b10 code [0x00000181c3213cc0, 0x00000181c3213dd8]
Event: 2.978 Thread 0x00000181d9a33800 1704   !   3       java.io.ObjectOutputStream::defaultWriteFields (284 bytes)
Event: 2.981 Thread 0x00000181d9a33800 nmethod 1704 0x00000181c3213e90 code [0x00000181c3214160, 0x00000181c3214eb8]
Event: 2.981 Thread 0x00000181d9a33800 1705       3       java.io.ObjectStreamClass::checkDefaultSerialize (20 bytes)
Event: 2.982 Thread 0x00000181d9a33800 nmethod 1705 0x00000181c3215590 code [0x00000181c3215780, 0x00000181c3215ad8]
Event: 2.984 Thread 0x00000181d9a33800 1706   !   3       java.io.ObjectOutputStream::writeOrdinaryObject (175 bytes)
Event: 2.987 Thread 0x00000181d9a33800 nmethod 1706 0x00000181c3215c90 code [0x00000181c3215f80, 0x00000181c3216b28]
Event: 2.987 Thread 0x00000181d9a33800 1707       3       sun.rmi.transport.StreamRemoteCall::<init> (35 bytes)
Event: 2.988 Thread 0x00000181d9a33800 nmethod 1707 0x00000181c3217310 code [0x00000181c32174c0, 0x00000181c3217738]
Event: 2.988 Thread 0x00000181d9a33800 1710       3       sun.rmi.transport.Transport$$Lambda$51/0x0000000100138840::run (8 bytes)
Event: 2.988 Thread 0x00000181d9a33800 nmethod 1710 0x00000181c3217810 code [0x00000181c32179e0, 0x00000181c3217c28]
Event: 2.988 Thread 0x00000181d9a33800 1708   !   3       sun.rmi.transport.Transport::serviceCall (349 bytes)

GC Heap History (2 events):
Event: 2.164 GC heap before
{Heap before GC invocations=0 (full 0):
 garbage-first heap   total 131072K, used 24576K [0x0000000091000000, 0x0000000100000000)
  region size 1024K, 24 young (24576K), 0 survivors (0K)
 Metaspace       used 16328K, capacity 16916K, committed 17152K, reserved 1064960K
  class space    used 1690K, capacity 1928K, committed 2048K, reserved 1048576K
}
Event: 2.179 GC heap after
{Heap after GC invocations=1 (full 0):
 garbage-first heap   total 131072K, used 5522K [0x0000000091000000, 0x0000000100000000)
  region size 1024K, 3 young (3072K), 3 survivors (3072K)
 Metaspace       used 16328K, capacity 16916K, committed 17152K, reserved 1064960K
  class space    used 1690K, capacity 1928K, committed 2048K, reserved 1048576K
}

Deoptimization events (20 events):
Event: 2.583 Thread 0x00000181dad3a000 Uncommon trap: trap_request=0xffffff4d fr.pc=0x00000181ca43a0f8 relative=0x0000000000000db8
Event: 2.583 Thread 0x00000181dad3a000 Uncommon trap: reason=unstable_if action=reinterpret pc=0x00000181ca43a0f8 method=java.lang.ref.ReferenceQueue.poll()Ljava/lang/ref/Reference; @ 4 c2
Event: 2.583 Thread 0x00000181dad3a000 DEOPT PACKING pc=0x00000181ca43a0f8 sp=0x0000001b54af9f20
Event: 2.583 Thread 0x00000181dad3a000 DEOPT UNPACKING pc=0x00000181c296a1af sp=0x0000001b54af9db8 mode 2
Event: 2.583 Thread 0x00000181dad3a000 Uncommon trap: trap_request=0xffffff4d fr.pc=0x00000181ca469d78 relative=0x0000000000000058
Event: 2.583 Thread 0x00000181dad3a000 Uncommon trap: reason=unstable_if action=reinterpret pc=0x00000181ca469d78 method=java.lang.ref.ReferenceQueue.poll()Ljava/lang/ref/Reference; @ 4 c2
Event: 2.583 Thread 0x00000181dad3a000 DEOPT PACKING pc=0x00000181ca469d78 sp=0x0000001b54af9e20
Event: 2.583 Thread 0x00000181dad3a000 DEOPT UNPACKING pc=0x00000181c296a1af sp=0x0000001b54af9db0 mode 2
Event: 2.589 Thread 0x00000181dad3a000 Uncommon trap: trap_request=0xffffffbe fr.pc=0x00000181ca489fb8 relative=0x00000000000004d8
Event: 2.589 Thread 0x00000181dad3a000 Uncommon trap: reason=profile_predicate action=maybe_recompile pc=0x00000181ca489fb8 method=java.lang.PublicMethods$MethodList.filter([Ljava/lang/reflect/Method;Ljava/lang/String;[Ljava/lang/Class;Z)Ljava/lang/PublicMethods$MethodList; @ 21 c2
Event: 2.589 Thread 0x00000181dad3a000 DEOPT PACKING pc=0x00000181ca489fb8 sp=0x0000001b54afb1c0
Event: 2.589 Thread 0x00000181dad3a000 DEOPT UNPACKING pc=0x00000181c296a1af sp=0x0000001b54afb148 mode 2
Event: 2.595 Thread 0x00000181dad3a000 Uncommon trap: trap_request=0xffffffbe fr.pc=0x00000181ca489fb8 relative=0x00000000000004d8
Event: 2.595 Thread 0x00000181dad3a000 Uncommon trap: reason=profile_predicate action=maybe_recompile pc=0x00000181ca489fb8 method=java.lang.PublicMethods$MethodList.filter([Ljava/lang/reflect/Method;Ljava/lang/String;[Ljava/lang/Class;Z)Ljava/lang/PublicMethods$MethodList; @ 21 c2
Event: 2.595 Thread 0x00000181dad3a000 DEOPT PACKING pc=0x00000181ca489fb8 sp=0x0000001b54af8c20
Event: 2.595 Thread 0x00000181dad3a000 DEOPT UNPACKING pc=0x00000181c296a1af sp=0x0000001b54af8ba8 mode 2
Event: 2.595 Thread 0x00000181dad3a000 Uncommon trap: trap_request=0xffffffbe fr.pc=0x00000181ca489fb8 relative=0x00000000000004d8
Event: 2.595 Thread 0x00000181dad3a000 Uncommon trap: reason=profile_predicate action=maybe_recompile pc=0x00000181ca489fb8 method=java.lang.PublicMethods$MethodList.filter([Ljava/lang/reflect/Method;Ljava/lang/String;[Ljava/lang/Class;Z)Ljava/lang/PublicMethods$MethodList; @ 21 c2
Event: 2.595 Thread 0x00000181dad3a000 DEOPT PACKING pc=0x00000181ca489fb8 sp=0x0000001b54af8c20
Event: 2.595 Thread 0x00000181dad3a000 DEOPT UNPACKING pc=0x00000181c296a1af sp=0x0000001b54af8ba8 mode 2

Classes redefined (0 events):
No events

Internal exceptions (20 events):
Event: 1.119 Thread 0x00000181bd4d1800 Exception <a 'java/lang/NoSuchMethodError'{0x0000000098725ad8}: 'java.lang.Object java.lang.invoke.DirectMethodHandle$Holder.invokeSpecial(java.lang.Object, java.lang.Object, int, int, java.lang.Object, int, java.lang.Object, java.lang.Object)'> (0x0000000098725ad8) thrown at [./src/hotspot/share/interpreter/linkResolver.cpp, line 773]
Event: 1.120 Thread 0x00000181bd4d1800 Exception <a 'java/lang/NoSuchMethodError'{0x0000000098729118}: 'java.lang.Object java.lang.invoke.DelegatingMethodHandle$Holder.reinvoke_L(java.lang.Object, int, int, java.lang.Object, int, java.lang.Object, java.lang.Object)'> (0x0000000098729118) thrown at [./src/hotspot/share/interpreter/linkResolver.cpp, line 773]
Event: 1.124 Thread 0x00000181bd4d1800 Exception <a 'java/lang/NoSuchMethodError'{0x00000000987533b0}: 'java.lang.Object java.lang.invoke.DirectMethodHandle$Holder.invokeStatic(java.lang.Object, java.lang.Object, java.lang.Object, java.lang.Object, java.lang.Object, java.lang.Object, java.lang.Object, java.lang.Object, int)'> (0x00000000987533b0) thrown at [./src/hotspot/share/interpreter/linkResolver.cpp, line 773]
Event: 1.127 Thread 0x00000181bd4d1800 Exception <a 'java/lang/NoSuchMethodError'{0x000000009876d918}: 'java.lang.Object java.lang.invoke.DirectMethodHandle$Holder.invokeStatic(java.lang.Object, java.lang.Object, java.lang.Object, java.lang.Object, java.lang.Object, java.lang.Object, java.lang.Object, java.lang.Object, int, int)'> (0x000000009876d918) thrown at [./src/hotspot/share/interpreter/linkResolver.cpp, line 773]
Event: 1.130 Thread 0x00000181bd4d1800 Exception <a 'java/lang/NoSuchMethodError'{0x0000000098789200}: 'java.lang.Object java.lang.invoke.DirectMethodHandle$Holder.invokeStatic(java.lang.Object, java.lang.Object, java.lang.Object, java.lang.Object, java.lang.Object, java.lang.Object, java.lang.Object, java.lang.Object, int, int, java.lang.Object)'> (0x0000000098789200) thrown at [./src/hotspot/share/interpreter/linkResolver.cpp, line 773]
Event: 1.135 Thread 0x00000181bd4d1800 Exception <a 'java/lang/NoSuchMethodError'{0x00000000987a5a50}: 'java.lang.Object java.lang.invoke.DirectMethodHandle$Holder.invokeStatic(java.lang.Object, java.lang.Object, java.lang.Object, java.lang.Object, java.lang.Object, java.lang.Object, java.lang.Object, java.lang.Object, int, int, java.lang.Object, java.lang.Object)'> (0x00000000987a5a50) thrown at [./src/hotspot/share/interpreter/linkResolver.cpp, line 773]
Event: 1.156 Thread 0x00000181bd4d1800 Exception <a 'java/lang/NoSuchMethodError'{0x000000009862a358}: 'java.lang.Object java.lang.invoke.DirectMethodHandle$Holder.invokeStatic(java.lang.Object, java.lang.Object, java.lang.Object, java.lang.Object, int)'> (0x000000009862a358) thrown at [./src/hotspot/share/interpreter/linkResolver.cpp, line 773]
Event: 1.182 Thread 0x00000181bd4d1800 Exception <a 'java/lang/NoSuchMethodError'{0x00000000986edea0}: 'java.lang.Object java.lang.invoke.DelegatingMethodHandle$Holder.reinvoke_L(java.lang.Object, java.lang.Object, long)'> (0x00000000986edea0) thrown at [./src/hotspot/share/interpreter/linkResolver.cpp, line 773]
Event: 1.182 Thread 0x00000181bd4d1800 Exception <a 'java/lang/NoSuchMethodError'{0x00000000986f1090}: 'java.lang.Object java.lang.invoke.Invokers$Holder.linkToTargetMethod(java.lang.Object, long, java.lang.Object)'> (0x00000000986f1090) thrown at [./src/hotspot/share/interpreter/linkResolver.cpp, line 773]
Event: 1.207 Thread 0x00000181da018000 Exception <a 'java/lang/NoSuchMethodError'{0x00000000985ce250}: 'java.lang.Object java.lang.invoke.DelegatingMethodHandle$Holder.reinvoke_L(java.lang.Object, int, java.lang.Object)'> (0x00000000985ce250) thrown at [./src/hotspot/share/interpreter/linkResolver.cpp, line 773]
Event: 1.284 Thread 0x00000181dad3a000 Exception <a 'java/lang/NoSuchMethodError'{0x00000000984a3140}: <clinit>> (0x00000000984a3140) thrown at [./src/hotspot/share/prims/jni.cpp, line 1365]
Event: 1.490 Thread 0x00000181dad3a000 Exception <a 'java/lang/NoSuchMethodError'{0x00000000981c7ba0}: 'java.lang.Object java.lang.invoke.DirectMethodHandle$Holder.invokeStaticInit(java.lang.Object, java.lang.Object, java.lang.Object)'> (0x00000000981c7ba0) thrown at [./src/hotspot/share/interpreter/linkResolver.cpp, line 773]
Event: 1.628 Thread 0x00000181dad3a000 Exception <a 'sun/nio/fs/WindowsException'{0x0000000097eb43d8}> (0x0000000097eb43d8) thrown at [./src/hotspot/share/prims/jni.cpp, line 615]
Event: 1.631 Thread 0x00000181dad3a000 Exception <a 'java/lang/NoSuchMethodError'{0x0000000097ebb7d8}: 'int java.lang.invoke.DirectMethodHandle$Holder.invokeSpecialIFC(java.lang.Object, java.lang.Object, int)'> (0x0000000097ebb7d8) thrown at [./src/hotspot/share/interpreter/linkResolver.cpp, line 773]
Event: 2.266 Thread 0x00000181dad3a000 Exception <a 'java/lang/NoSuchMethodError'{0x0000000098eec4a0}: <clinit>> (0x0000000098eec4a0) thrown at [./src/hotspot/share/prims/jni.cpp, line 1365]
Event: 2.420 Thread 0x00000181dad3a000 Exception <a 'java/lang/NoSuchMethodError'{0x0000000098c04cc8}: <clinit>> (0x0000000098c04cc8) thrown at [./src/hotspot/share/prims/jni.cpp, line 1365]
Event: 2.426 Thread 0x00000181dad3a000 Exception <a 'java/lang/NoSuchMethodError'{0x0000000098c11560}: <clinit>> (0x0000000098c11560) thrown at [./src/hotspot/share/prims/jni.cpp, line 1365]
Event: 2.579 Thread 0x00000181dad3a000 Exception <a 'java/lang/NoSuchMethodError'{0x0000000098b28a58}: <clinit>> (0x0000000098b28a58) thrown at [./src/hotspot/share/prims/jni.cpp, line 1365]
Event: 2.582 Thread 0x00000181dad3a000 Exception <a 'java/lang/NoSuchMethodError'{0x0000000098b33b88}: <clinit>> (0x0000000098b33b88) thrown at [./src/hotspot/share/prims/jni.cpp, line 1365]
Event: 2.588 Thread 0x00000181dad3a000 Exception <a 'java/lang/NoSuchMethodError'{0x0000000098b42688}: <clinit>> (0x0000000098b42688) thrown at [./src/hotspot/share/prims/jni.cpp, line 1365]

Events (20 events):
Event: 2.965 Executing VM operation: RevokeBias
Event: 2.965 Executing VM operation: RevokeBias done
Event: 2.968 Executing VM operation: RevokeBias
Event: 2.968 Executing VM operation: RevokeBias done
Event: 2.970 Executing VM operation: RevokeBias
Event: 2.970 Executing VM operation: RevokeBias done
Event: 2.970 Executing VM operation: RevokeBias
Event: 2.970 Executing VM operation: RevokeBias done
Event: 2.975 Executing VM operation: RevokeBias
Event: 2.975 Executing VM operation: RevokeBias done
Event: 2.980 Executing VM operation: RevokeBias
Event: 2.980 Executing VM operation: RevokeBias done
Event: 2.984 Executing VM operation: BulkRevokeBias
Event: 2.984 Executing VM operation: BulkRevokeBias done
Event: 2.989 Executing VM operation: RevokeBias
Event: 2.989 Executing VM operation: RevokeBias done
Event: 2.989 Executing VM operation: RevokeBias
Event: 2.989 Executing VM operation: RevokeBias done
Event: 2.989 Executing VM operation: RevokeBias
Event: 2.989 Executing VM operation: RevokeBias done


Dynamic libraries:
0x00007ff76c1e0000 - 0x00007ff76c1ea000 	C:\Program Files\JetBrains\IntelliJ IDEA 2020.3.1\jbr\bin\java.exe
0x00007ffe27860000 - 0x00007ffe27a69000 	C:\WINDOWS\SYSTEM32\ntdll.dll
0x00007ffe26880000 - 0x00007ffe2693d000 	C:\WINDOWS\System32\KERNEL32.DLL
0x00007ffe24fe0000 - 0x00007ffe25354000 	C:\WINDOWS\System32\KERNELBASE.dll
0x00007ffe255e0000 - 0x00007ffe256f1000 	C:\WINDOWS\System32\ucrtbase.dll
0x00007ffe1e8d0000 - 0x00007ffe1e8e7000 	C:\Program Files\JetBrains\IntelliJ IDEA 2020.3.1\jbr\bin\VCRUNTIME140.dll
0x00007ffe129d0000 - 0x00007ffe129e9000 	C:\Program Files\JetBrains\IntelliJ IDEA 2020.3.1\jbr\bin\jli.dll
0x00007ffe272b0000 - 0x00007ffe2745c000 	C:\WINDOWS\System32\USER32.dll
0x00007ffe0ca60000 - 0x00007ffe0cd05000 	C:\WINDOWS\WinSxS\amd64_microsoft.windows.common-controls_6595b64144ccf1df_6.0.22000.120_none_9d947278b86cc467\COMCTL32.dll
0x00007ffe24ec0000 - 0x00007ffe24ee6000 	C:\WINDOWS\System32\win32u.dll
0x00007ffe26940000 - 0x00007ffe269e3000 	C:\WINDOWS\System32\msvcrt.dll
0x00007ffe25790000 - 0x00007ffe257b9000 	C:\WINDOWS\System32\GDI32.dll
0x00007ffe25420000 - 0x00007ffe25532000 	C:\WINDOWS\System32\gdi32full.dll
0x00007ffe25540000 - 0x00007ffe255dd000 	C:\WINDOWS\System32\msvcp_win.dll
0x00007ffe26720000 - 0x00007ffe26751000 	C:\WINDOWS\System32\IMM32.DLL
0x00007ffe06e60000 - 0x00007ffe06efd000 	C:\Program Files\JetBrains\IntelliJ IDEA 2020.3.1\jbr\bin\msvcp140.dll
0x00007ffdd8390000 - 0x00007ffdd8ee8000 	C:\Program Files\JetBrains\IntelliJ IDEA 2020.3.1\jbr\bin\server\jvm.dll
0x00007ffe25f80000 - 0x00007ffe2602e000 	C:\WINDOWS\System32\ADVAPI32.dll
0x00007ffe27460000 - 0x00007ffe274fe000 	C:\WINDOWS\System32\sechost.dll
0x00007ffe26090000 - 0x00007ffe261b0000 	C:\WINDOWS\System32\RPCRT4.dll
0x00007ffe25f70000 - 0x00007ffe25f78000 	C:\WINDOWS\System32\PSAPI.DLL
0x00007ffe1e450000 - 0x00007ffe1e483000 	C:\WINDOWS\SYSTEM32\WINMM.dll
0x00007ffdfff60000 - 0x00007ffdfff69000 	C:\WINDOWS\SYSTEM32\WSOCK32.dll
0x00007ffe1cd20000 - 0x00007ffe1cd2a000 	C:\WINDOWS\SYSTEM32\VERSION.dll
0x00007ffe277b0000 - 0x00007ffe2781f000 	C:\WINDOWS\System32\WS2_32.dll
0x00007ffe23e50000 - 0x00007ffe23e68000 	C:\WINDOWS\SYSTEM32\kernel.appcore.dll
0x00007ffe1e8b0000 - 0x00007ffe1e8c1000 	C:\Program Files\JetBrains\IntelliJ IDEA 2020.3.1\jbr\bin\verify.dll
0x00007ffe22960000 - 0x00007ffe22b81000 	C:\WINDOWS\SYSTEM32\DBGHELP.DLL
0x00007ffe052b0000 - 0x00007ffe052e1000 	C:\WINDOWS\SYSTEM32\dbgcore.DLL
0x00007ffe24ef0000 - 0x00007ffe24f6f000 	C:\WINDOWS\System32\bcryptPrimitives.dll
0x00007ffe0a810000 - 0x00007ffe0a839000 	C:\Program Files\JetBrains\IntelliJ IDEA 2020.3.1\jbr\bin\java.dll
0x00007ffe21300000 - 0x00007ffe2130b000 	C:\Program Files\JetBrains\IntelliJ IDEA 2020.3.1\jbr\bin\jimage.dll
0x00007ffe0a490000 - 0x00007ffe0a4a8000 	C:\Program Files\JetBrains\IntelliJ IDEA 2020.3.1\jbr\bin\zip.dll
0x00007ffe257c0000 - 0x00007ffe25f6e000 	C:\WINDOWS\System32\SHELL32.dll
0x00007ffe22ec0000 - 0x00007ffe23727000 	C:\WINDOWS\SYSTEM32\windows.storage.dll
0x00007ffe26270000 - 0x00007ffe265e8000 	C:\WINDOWS\System32\combase.dll
0x00007ffe22d50000 - 0x00007ffe22eb6000 	C:\WINDOWS\SYSTEM32\wintypes.dll
0x00007ffe27500000 - 0x00007ffe275ea000 	C:\WINDOWS\System32\SHCORE.dll
0x00007ffe27750000 - 0x00007ffe277ad000 	C:\WINDOWS\System32\shlwapi.dll
0x00007ffe24c80000 - 0x00007ffe24ca1000 	C:\WINDOWS\SYSTEM32\profapi.dll
0x00007ffe08020000 - 0x00007ffe0803a000 	C:\Program Files\JetBrains\IntelliJ IDEA 2020.3.1\jbr\bin\net.dll
0x00007ffe1ce00000 - 0x00007ffe1cf0c000 	C:\WINDOWS\SYSTEM32\WINHTTP.dll
0x00007ffe24280000 - 0x00007ffe242e7000 	C:\WINDOWS\system32\mswsock.dll
0x00007ffe07580000 - 0x00007ffe07594000 	C:\Program Files\JetBrains\IntelliJ IDEA 2020.3.1\jbr\bin\nio.dll
0x00007ffe244c0000 - 0x00007ffe244d8000 	C:\WINDOWS\SYSTEM32\CRYPTSP.dll
0x00007ffe23db0000 - 0x00007ffe23de5000 	C:\WINDOWS\system32\rsaenh.dll
0x00007ffe24370000 - 0x00007ffe24399000 	C:\WINDOWS\SYSTEM32\USERENV.dll
0x00007ffe24640000 - 0x00007ffe24667000 	C:\WINDOWS\SYSTEM32\bcrypt.dll
0x00007ffe244e0000 - 0x00007ffe244ec000 	C:\WINDOWS\SYSTEM32\CRYPTBASE.dll
0x00007ffe23980000 - 0x00007ffe239ad000 	C:\WINDOWS\SYSTEM32\IPHLPAPI.DLL
0x00007ffe269f0000 - 0x00007ffe269f9000 	C:\WINDOWS\System32\NSI.dll
0x00007ffe1ca90000 - 0x00007ffe1caa9000 	C:\WINDOWS\SYSTEM32\dhcpcsvc6.DLL
0x00007ffe1d1f0000 - 0x00007ffe1d20e000 	C:\WINDOWS\SYSTEM32\dhcpcsvc.DLL
0x00007ffe239b0000 - 0x00007ffe23a97000 	C:\WINDOWS\SYSTEM32\DNSAPI.dll
0x00007ffe13220000 - 0x00007ffe13228000 	C:\Program Files\JetBrains\IntelliJ IDEA 2020.3.1\jbr\bin\rmi.dll
0x00007ffe1c6d0000 - 0x00007ffe1c6da000 	C:\Windows\System32\rasadhlp.dll
0x00007ffe19030000 - 0x00007ffe190b1000 	C:\WINDOWS\System32\fwpuclnt.dll
0x00007ffe09720000 - 0x00007ffe0972a000 	C:\Program Files\JetBrains\IntelliJ IDEA 2020.3.1\jbr\bin\management.dll
0x00007ffe08010000 - 0x00007ffe0801d000 	C:\Program Files\JetBrains\IntelliJ IDEA 2020.3.1\jbr\bin\management_ext.dll
0x00007ffe06b40000 - 0x00007ffe06b68000 	C:\Program Files\JetBrains\IntelliJ IDEA 2020.3.1\jbr\bin\sunec.dll

dbghelp: loaded successfully - version: 4.0.5 - missing functions: none
symbol engine: initialized successfully - sym options: 0x614 - pdb path: .;C:\Program Files\JetBrains\IntelliJ IDEA 2020.3.1\jbr\bin;C:\WINDOWS\SYSTEM32;C:\WINDOWS\WinSxS\amd64_microsoft.windows.common-controls_6595b64144ccf1df_6.0.22000.120_none_9d947278b86cc467;C:\Program Files\JetBrains\IntelliJ IDEA 2020.3.1\jbr\bin\server

VM Arguments:
jvm_args: -Djava.rmi.server.hostname=127.0.0.1 -Duser.timezone=UTC -Xmx1776m -Xms128m -Dfile.encoding=UTF-8 
java_command: com.intellij.database.remote.RemoteJdbcServer org.postgresql.Driver
java_class_path (initial): C:\Program Files\JetBrains\IntelliJ IDEA 2020.3.1\lib\util.jar;C:\Program Files\JetBrains\IntelliJ IDEA 2020.3.1\lib\groovy-2.5.14.jar;C:\Program Files\JetBrains\IntelliJ IDEA 2020.3.1\plugins\DatabaseTools\lib\jdbc-console.jar;C:\Users\Yeldo\AppData\Roaming\JetBrains\IntelliJIdea2021.2\jdbc-drivers\PostgreSQL\42.2.22\postgresql-42.2.22.jar;C:\Users\Yeldo\AppData\Roaming\JetBrains\IntelliJIdea2021.2\jdbc-drivers\PostgreSQL\42.2.22\jna-platform-win-4.4.0.jar;C:\Users\Yeldo\AppData\Roaming\JetBrains\IntelliJIdea2021.2\jdbc-drivers\PostgreSQL\42.2.22\jna-win-4.4.0.jar;C:\Users\Yeldo\AppData\Roaming\JetBrains\IntelliJIdea2021.2\jdbc-drivers\PostgreSQL\42.2.22\waffle-jna-win-1.8.1.jar
Launcher Type: SUN_STANDARD

[Global flags]
     intx CICompilerCount                          = 4                                         {product} {ergonomic}
     uint ConcGCThreads                            = 2                                         {product} {ergonomic}
     uint G1ConcRefinementThreads                  = 8                                         {product} {ergonomic}
   size_t G1HeapRegionSize                         = 1048576                                   {product} {ergonomic}
    uintx GCDrainStackTargetSize                   = 64                                        {product} {ergonomic}
   size_t InitialHeapSize                          = 134217728                                 {product} {command line}
   size_t MarkStackSize                            = 4194304                                   {product} {ergonomic}
   size_t MaxHeapSize                              = 1862270976                                {product} {command line}
   size_t MaxNewSize                               = 1116733440                                {product} {ergonomic}
   size_t MinHeapDeltaBytes                        = 1048576                                   {product} {ergonomic}
    uintx NonNMethodCodeHeapSize                   = 5836300                                {pd product} {ergonomic}
    uintx NonProfiledCodeHeapSize                  = 122910970                              {pd product} {ergonomic}
    uintx ProfiledCodeHeapSize                     = 122910970                              {pd product} {ergonomic}
    uintx ReservedCodeCacheSize                    = 251658240                              {pd product} {ergonomic}
     bool SegmentedCodeCache                       = true                                      {product} {ergonomic}
     bool UseCompressedClassPointers               = true                                 {lp64_product} {ergonomic}
     bool UseCompressedOops                        = true                                 {lp64_product} {ergonomic}
     bool UseG1GC                                  = true                                      {product} {ergonomic}
     bool UseLargePagesIndividualAllocation        = false                                  {pd product} {ergonomic}

Logging:
Log output configuration:
 #0: stdout all=warning uptime,level,tags
 #1: stderr all=off uptime,level,tags

Environment Variables:
JAVA_HOME=C:\Program Files\Java\jdk-16.0.1
PATH=C:\Users\Yeldo\Downloads\WINDOWS.X64_213000_db_home\bin;C:\Program Files (x86)\NVIDIA Corporation\PhysX\Common;C:\Python310\Scripts\;C:\Python310\;C:\Program Files\Java\jdk-16.0.1;C:\WINDOWS\system32;C:\WINDOWS;C:\WINDOWS\system32\WBEM;C:\WINDOWS\System32\Wbem;C:\WINDOWS\System32\WindowsPowerShell\v1.0\;C:\WINDOWS\System32\OpenSSH\;C:\Users\Yeldo\Downloads\sqlite-tools-win32-x86-3360000\sqlite-tools-win32-x86-3360000;C:\Program Files\nodejs\;C:\ProgramData\chocolatey\bin;C:\flutter\bin;C:\Program Files\Microsoft SQL Server\Client SDK\ODBC\170\Tools\Binn\;C:\gradle-7.3.3\bin;C:\Users\כהמס\AppData\Local\Programs\Python\Python39\Scripts\;C:\Users\כהמס\AppData\Local\Programs\Python\Python39\;C:\Users\Yeldo\AppData\Local\Programs\Python\Python39;C:\Users\Yeldo\AppData\Local\Programs\Python\Python39\Scripts;C:\Gradle\gradle-7.2\bin;C:\Program Files\Java\jdk-16.0.1\bin;"C:\WINDOWS\system32;C:\WINDOWS;C:\WINDOWS\system32\WBEM";C:\Users\Yeldo\AppData\Local\Microsoft\WindowsApps;C:\Users\Yeldo\AppData\Local\GitHubDesktop\bin;C:\Users\Yeldo\AppData\Roaming\npm;C:\flutter\bin;C:\Users\Yeldo\AppData\Local\Pub\Cache\bin;C:\Users\Yeldo\AppData\Local\Programs\Microsoft VS Code\bin
USERNAME=Yeldo
OS=Windows_NT
PROCESSOR_IDENTIFIER=AMD64 Family 23 Model 24 Stepping 1, AuthenticAMD



---------------  S Y S T E M  ---------------

OS: Windows 10 , 64 bit Build 22000 (10.0.22000.434)
OS uptime: 0 days 6:41 hours

CPU:total 8 (initial active 8) (8 cores per cpu, 2 threads per core) family 23 model 24 stepping 1 microcode 0x0, cmov, cx8, fxsr, mmx, sse, sse2, sse3, ssse3, sse4.1, sse4.2, popcnt, avx, avx2, aes, clmul, mmxext, 3dnowpref, lzcnt, sse4a, ht, tsc, tscinvbit, tscinv, bmi1, bmi2, adx, sha, fma

Memory: 4k page, system-wide physical 14208M (3217M free)
TotalPageFile size 24208M (AvailPageFile size 1M)
current process WorkingSet (physical memory assigned to process): 124M, peak: 124M
current process commit charge ("private bytes"): 258M, peak: 258M

vm_info: OpenJDK 64-Bit Server VM (11.0.12+7-b1504.40) for windows-amd64 JRE (11.0.12+7-b1504.40), built on Sep 23 2021 14:38:03 by "" with MS VC++ 14.0 (VS2015)

END.
